{"total": {"lines":{"total":338,"covered":38,"skipped":0,"pct":11.24},"statements":{"total":338,"covered":38,"skipped":0,"pct":11.24},"functions":{"total":8,"covered":3,"skipped":0,"pct":37.5},"branches":{"total":12,"covered":4,"skipped":0,"pct":33.33},"branchesTrue":{"total":0,"covered":0,"skipped":0,"pct":100}}
,"C:\\dev\\nodejuploader\\front\\postcss.config.js": {"lines":{"total":6,"covered":0,"skipped":0,"pct":0},"functions":{"total":1,"covered":0,"skipped":0,"pct":0},"statements":{"total":6,"covered":0,"skipped":0,"pct":0},"branches":{"total":1,"covered":0,"skipped":0,"pct":0}}
,"C:\\dev\\nodejuploader\\front\\tailwind.config.js": {"lines":{"total":11,"covered":0,"skipped":0,"pct":0},"functions":{"total":1,"covered":0,"skipped":0,"pct":0},"statements":{"total":11,"covered":0,"skipped":0,"pct":0},"branches":{"total":1,"covered":0,"skipped":0,"pct":0}}
,"C:\\dev\\nodejuploader\\front\\src\\App.tsx": {"lines":{"total":174,"covered":0,"skipped":0,"pct":0},"functions":{"total":1,"covered":0,"skipped":0,"pct":0},"statements":{"total":174,"covered":0,"skipped":0,"pct":0},"branches":{"total":1,"covered":0,"skipped":0,"pct":0}}
,"C:\\dev\\nodejuploader\\front\\src\\index.tsx": {"lines":{"total":10,"covered":0,"skipped":0,"pct":0},"functions":{"total":1,"covered":0,"skipped":0,"pct":0},"statements":{"total":10,"covered":0,"skipped":0,"pct":0},"branches":{"total":1,"covered":0,"skipped":0,"pct":0}}
,"C:\\dev\\nodejuploader\\front\\src\\utils\\hash.ts": {"lines":{"total":39,"covered":38,"skipped":0,"pct":97.43},"functions":{"total":3,"covered":3,"skipped":0,"pct":100},"statements":{"total":39,"covered":38,"skipped":0,"pct":97.43},"branches":{"total":7,"covered":4,"skipped":0,"pct":57.14}}
,"C:\\dev\\nodejuploader\\front\\src\\utils\\upload.ts": {"lines":{"total":98,"covered":0,"skipped":0,"pct":0},"functions":{"total":1,"covered":0,"skipped":0,"pct":0},"statements":{"total":98,"covered":0,"skipped":0,"pct":0},"branches":{"total":1,"covered":0,"skipped":0,"pct":0}}
}
