{"total": {"lines":{"total":338,"covered":301,"skipped":0,"pct":89.05},"statements":{"total":338,"covered":301,"skipped":0,"pct":89.05},"functions":{"total":14,"covered":9,"skipped":0,"pct":64.28},"branches":{"total":65,"covered":57,"skipped":0,"pct":87.69},"branchesTrue":{"total":0,"covered":0,"skipped":0,"pct":100}}
,"/home/user/nodejuploader/front/postcss.config.js": {"lines":{"total":6,"covered":0,"skipped":0,"pct":0},"functions":{"total":1,"covered":0,"skipped":0,"pct":0},"statements":{"total":6,"covered":0,"skipped":0,"pct":0},"branches":{"total":1,"covered":0,"skipped":0,"pct":0}}
,"/home/user/nodejuploader/front/tailwind.config.js": {"lines":{"total":11,"covered":0,"skipped":0,"pct":0},"functions":{"total":1,"covered":0,"skipped":0,"pct":0},"statements":{"total":11,"covered":0,"skipped":0,"pct":0},"branches":{"total":1,"covered":0,"skipped":0,"pct":0}}
,"/home/user/nodejuploader/front/src/App.tsx": {"lines":{"total":174,"covered":173,"skipped":0,"pct":99.42},"functions":{"total":6,"covered":4,"skipped":0,"pct":66.66},"statements":{"total":174,"covered":173,"skipped":0,"pct":99.42},"branches":{"total":43,"covered":42,"skipped":0,"pct":97.67}}
,"/home/user/nodejuploader/front/src/index.tsx": {"lines":{"total":10,"covered":0,"skipped":0,"pct":0},"functions":{"total":1,"covered":0,"skipped":0,"pct":0},"statements":{"total":10,"covered":0,"skipped":0,"pct":0},"branches":{"total":1,"covered":0,"skipped":0,"pct":0}}
,"/home/user/nodejuploader/front/src/utils/hash.ts": {"lines":{"total":39,"covered":39,"skipped":0,"pct":100},"functions":{"total":3,"covered":3,"skipped":0,"pct":100},"statements":{"total":39,"covered":39,"skipped":0,"pct":100},"branches":{"total":9,"covered":8,"skipped":0,"pct":88.88}}
,"/home/user/nodejuploader/front/src/utils/upload.ts": {"lines":{"total":98,"covered":89,"skipped":0,"pct":90.81},"functions":{"total":2,"covered":2,"skipped":0,"pct":100},"statements":{"total":98,"covered":89,"skipped":0,"pct":90.81},"branches":{"total":10,"covered":7,"skipped":0,"pct":70}}
}
