TN:
SF:postcss.config.js
FN:1,(empty-report)
FNF:1
FNH:0
FNDA:0,(empty-report)
DA:1,0
DA:2,0
DA:3,0
DA:4,0
DA:5,0
DA:6,0
LF:6
LH:0
BRDA:1,0,0,0
BRF:1
BRH:0
end_of_record
TN:
SF:tailwind.config.js
FN:1,(empty-report)
FNF:1
FNH:0
FNDA:0,(empty-report)
DA:1,0
DA:2,0
DA:3,0
DA:4,0
DA:5,0
DA:6,0
DA:7,0
DA:8,0
DA:9,0
DA:10,0
DA:11,0
LF:11
LH:0
BRDA:1,0,0,0
BRF:1
BRH:0
end_of_record
TN:
SF:src/App.tsx
FN:7,App
FN:42,startUpload
FN:85,onClick
FN:113,onClick
FN:151,onClick
FN:162,onClick
FNF:6
FNH:4
FNDA:73,App
FNDA:10,startUpload
FNDA:2,onClick
FNDA:10,onClick
FNDA:0,onClick
FNDA:0,onClick
DA:1,1
DA:2,1
DA:3,1
DA:4,1
DA:5,1
DA:6,1
DA:7,73
DA:8,73
DA:9,73
DA:10,73
DA:11,73
DA:12,73
DA:13,73
DA:14,3
DA:15,3
DA:16,73
DA:17,73
DA:18,73
DA:19,1
DA:20,1
DA:21,73
DA:22,73
DA:23,73
DA:24,3
DA:25,3
DA:26,3
DA:27,3
DA:28,3
DA:29,3
DA:30,3
DA:31,3
DA:32,73
DA:33,73
DA:34,73
DA:35,19
DA:36,18
DA:37,18
DA:38,18
DA:39,18
DA:40,73
DA:41,73
DA:42,73
DA:43,10
DA:44,10
DA:45,10
DA:46,10
DA:47,10
DA:48,10
DA:49,0
DA:50,10
DA:51,7
DA:52,7
DA:53,5
DA:54,7
DA:55,6
DA:56,10
DA:57,3
DA:58,3
DA:59,3
DA:60,3
DA:61,10
DA:62,73
DA:63,73
DA:64,17
DA:65,56
DA:66,73
DA:67,73
DA:68,73
DA:69,73
DA:70,73
DA:71,73
DA:72,73
DA:73,73
DA:74,73
DA:75,73
DA:76,73
DA:77,73
DA:78,73
DA:79,73
DA:80,73
DA:81,73
DA:82,73
DA:83,73
DA:84,73
DA:85,73
DA:86,73
DA:87,73
DA:88,73
DA:89,73
DA:90,73
DA:91,73
DA:92,73
DA:93,73
DA:94,73
DA:95,34
DA:96,34
DA:97,34
DA:98,34
DA:99,34
DA:100,34
DA:101,34
DA:102,73
DA:103,73
DA:104,73
DA:105,22
DA:106,22
DA:107,22
DA:108,22
DA:109,22
DA:110,22
DA:111,22
DA:112,22
DA:113,22
DA:114,22
DA:115,22
DA:116,22
DA:117,22
DA:118,22
DA:119,73
DA:120,73
DA:121,73
DA:122,17
DA:123,17
DA:124,17
DA:125,17
DA:126,17
DA:127,17
DA:128,17
DA:129,17
DA:130,17
DA:131,17
DA:132,13
DA:133,13
DA:134,13
DA:135,3
DA:136,2
DA:137,13
DA:138,13
DA:139,13
DA:140,13
DA:141,17
DA:142,17
DA:143,17
DA:144,2
DA:145,2
DA:146,2
DA:147,2
DA:148,2
DA:149,2
DA:150,2
DA:151,2
DA:152,2
DA:153,2
DA:154,2
DA:155,2
DA:156,2
DA:157,17
DA:158,17
DA:159,73
DA:160,73
DA:161,73
DA:162,3
DA:163,3
DA:164,3
DA:165,3
DA:166,73
DA:167,73
DA:168,73
DA:169,73
DA:170,73
DA:171,73
DA:172,73
DA:173,1
DA:174,1
LF:174
LH:173
BRDA:7,0,0,73
BRDA:63,1,0,17
BRDA:64,2,0,56
BRDA:79,3,0,3
BRDA:79,4,0,70
BRDA:80,5,0,39
BRDA:80,6,0,34
BRDA:94,7,0,34
BRDA:104,8,0,39
BRDA:104,9,0,22
BRDA:121,10,0,17
BRDA:124,11,0,10
BRDA:125,12,0,2
BRDA:126,13,0,1
BRDA:127,14,0,2
BRDA:128,15,0,2
BRDA:131,16,0,15
BRDA:131,17,0,13
BRDA:134,18,0,10
BRDA:134,19,0,3
BRDA:135,20,0,1
BRDA:135,21,0,2
BRDA:138,22,0,2
BRDA:138,23,0,11
BRDA:143,24,0,2
BRDA:143,25,0,2
BRDA:161,26,0,3
BRDA:13,27,0,3
BRDA:18,28,0,1
BRDA:23,29,0,3
BRDA:34,30,0,19
BRDA:35,31,0,18
BRDA:42,32,0,10
BRDA:43,33,0,0
BRDA:50,34,0,7
BRDA:54,35,0,6
BRDA:56,36,0,3
BRDA:52,37,0,5
BRDA:59,38,0,3
BRDA:59,39,0,2
BRDA:59,40,0,1
BRDA:85,41,0,2
BRDA:113,42,0,10
BRF:43
BRH:42
end_of_record
TN:
SF:src/index.tsx
FN:1,(empty-report)
FNF:1
FNH:0
FNDA:0,(empty-report)
DA:1,0
DA:2,0
DA:3,0
DA:4,0
DA:5,0
DA:6,0
DA:7,0
DA:8,0
DA:9,0
DA:10,0
LF:10
LH:0
BRDA:1,0,0,0
BRF:1
BRH:0
end_of_record
TN:
SF:src/utils/hash.ts
FN:3,calculateFileHash
FN:11,reader.onload
FN:31,loadNext
FNF:3
FNH:3
FNDA:18,calculateFileHash
FNDA:26,reader.onload
FNDA:27,loadNext
DA:1,1
DA:2,1
DA:3,18
DA:4,18
DA:5,18
DA:6,18
DA:7,18
DA:8,18
DA:9,18
DA:10,18
DA:11,18
DA:12,26
DA:13,26
DA:14,26
DA:15,26
DA:16,26
DA:17,26
DA:18,26
DA:19,26
DA:20,26
DA:21,26
DA:22,26
DA:23,9
DA:24,26
DA:25,17
DA:26,17
DA:27,26
DA:28,18
DA:29,18
DA:30,18
DA:31,18
DA:32,27
DA:33,27
DA:34,27
DA:35,27
DA:36,18
DA:37,18
DA:38,18
DA:39,18
LF:39
LH:39
BRDA:3,0,0,18
BRDA:4,1,0,18
BRDA:11,2,0,26
BRDA:12,3,0,0
BRDA:22,4,0,9
BRDA:24,5,0,17
BRDA:31,6,0,27
BRDA:33,7,0,18
BRDA:33,8,0,9
BRF:9
BRH:8
end_of_record
TN:
SF:src/utils/upload.ts
FN:10,arrayBufferToBase64Url
FN:32,uploadFile
FNF:2
FNH:2
FNDA:13,arrayBufferToBase64Url
FNDA:10,uploadFile
DA:1,1
DA:2,1
DA:3,1
DA:4,1
DA:5,1
DA:6,1
DA:7,1
DA:8,1
DA:9,1
DA:10,13
DA:11,13
DA:12,13
DA:13,13
DA:14,13
DA:15,5611
DA:16,5611
DA:17,13
DA:18,13
DA:19,13
DA:20,13
DA:21,13
DA:22,13
DA:23,13
DA:24,1
DA:25,1
DA:26,1
DA:27,1
DA:28,1
DA:29,1
DA:30,1
DA:31,1
DA:32,10
DA:33,10
DA:34,10
DA:35,10
DA:36,10
DA:37,10
DA:38,10
DA:39,10
DA:40,10
DA:41,10
DA:42,10
DA:43,10
DA:44,13
DA:45,13
DA:46,13
DA:47,13
DA:48,13
DA:49,13
DA:50,13
DA:51,13
DA:52,13
DA:53,13
DA:54,13
DA:55,13
DA:56,13
DA:57,13
DA:58,13
DA:59,13
DA:60,13
DA:61,13
DA:62,13
DA:63,13
DA:64,13
DA:65,13
DA:66,13
DA:67,13
DA:68,13
DA:69,13
DA:70,0
DA:71,0
DA:72,0
DA:73,0
DA:74,0
DA:75,13
DA:76,10
DA:77,10
DA:78,10
DA:79,10
DA:80,10
DA:81,11
DA:82,11
DA:83,11
DA:84,10
DA:85,10
DA:86,10
DA:87,10
DA:88,10
DA:89,10
DA:90,10
DA:91,11
DA:92,0
DA:93,0
DA:94,11
DA:95,0
DA:96,0
DA:97,10
DA:98,10
LF:98
LH:89
BRDA:10,0,0,13
BRDA:14,1,0,5611
BRDA:32,2,0,10
BRDA:43,3,0,13
BRDA:69,4,0,0
BRDA:80,5,0,11
BRDA:83,6,0,10
BRDA:91,7,0,1
BRDA:91,8,0,0
BRDA:94,9,0,0
BRF:10
BRH:7
end_of_record
