{"total": {"lines":{"total":96,"covered":56,"skipped":0,"pct":58.33},"statements":{"total":99,"covered":57,"skipped":0,"pct":57.57},"functions":{"total":10,"covered":5,"skipped":0,"pct":50},"branches":{"total":39,"covered":28,"skipped":0,"pct":71.79},"branchesTrue":{"total":0,"covered":0,"skipped":0,"pct":"Unknown"}}
,"/home/user/nodejuploader/back/app.js": {"lines":{"total":96,"covered":56,"skipped":0,"pct":58.33},"functions":{"total":10,"covered":5,"skipped":0,"pct":50},"statements":{"total":99,"covered":57,"skipped":0,"pct":57.57},"branches":{"total":39,"covered":28,"skipped":0,"pct":71.79}}
}
