{"/home/user/nodejuploader/back/app.js": {"path":"/home/user/nodejuploader/back/app.js","statementMap":{"0":{"start":{"line":1,"column":16},"end":{"line":1,"column":34}},"1":{"start":{"line":2,"column":13},"end":{"line":2,"column":28}},"2":{"start":{"line":3,"column":11},"end":{"line":3,"column":30}},"3":{"start":{"line":4,"column":13},"end":{"line":4,"column":28}},"4":{"start":{"line":5,"column":23},"end":{"line":5,"column":38}},"5":{"start":{"line":6,"column":13},"end":{"line":6,"column":33}},"6":{"start":{"line":7,"column":15},"end":{"line":7,"column":32}},"7":{"start":{"line":9,"column":12},"end":{"line":9,"column":21}},"8":{"start":{"line":10,"column":19},"end":{"line":10,"column":83}},"9":{"start":{"line":13,"column":0},"end":{"line":13,"column":16}},"10":{"start":{"line":16,"column":0},"end":{"line":16,"column":29}},"11":{"start":{"line":24,"column":0},"end":{"line":26,"column":3}},"12":{"start":{"line":25,"column":4},"end":{"line":25,"column":31}},"13":{"start":{"line":38,"column":0},"end":{"line":85,"column":3}},"14":{"start":{"line":39,"column":4},"end":{"line":84,"column":5}},"15":{"start":{"line":40,"column":36},"end":{"line":40,"column":45}},"16":{"start":{"line":42,"column":8},"end":{"line":44,"column":9}},"17":{"start":{"line":43,"column":12},"end":{"line":43,"column":73}},"18":{"start":{"line":46,"column":27},"end":{"line":46,"column":42}},"19":{"start":{"line":47,"column":28},"end":{"line":47,"column":43}},"20":{"start":{"line":50,"column":8},"end":{"line":52,"column":9}},"21":{"start":{"line":51,"column":12},"end":{"line":51,"column":70}},"22":{"start":{"line":54,"column":24},"end":{"line":54,"column":50}},"23":{"start":{"line":55,"column":8},"end":{"line":55,"column":36}},"24":{"start":{"line":57,"column":26},"end":{"line":57,"column":66}},"25":{"start":{"line":60,"column":23},"end":{"line":60,"column":50}},"26":{"start":{"line":62,"column":8},"end":{"line":70,"column":9}},"27":{"start":{"line":63,"column":12},"end":{"line":63,"column":66}},"28":{"start":{"line":65,"column":12},"end":{"line":68,"column":13}},"29":{"start":{"line":67,"column":16},"end":{"line":67,"column":88}},"30":{"start":{"line":69,"column":12},"end":{"line":69,"column":22}},"31":{"start":{"line":73,"column":22},"end":{"line":73,"column":47}},"32":{"start":{"line":74,"column":8},"end":{"line":77,"column":9}},"33":{"start":{"line":76,"column":12},"end":{"line":76,"column":109}},"34":{"start":{"line":76,"column":59},"end":{"line":76,"column":107}},"35":{"start":{"line":79,"column":8},"end":{"line":79,"column":55}},"36":{"start":{"line":82,"column":8},"end":{"line":82,"column":46}},"37":{"start":{"line":83,"column":8},"end":{"line":83,"column":65}},"38":{"start":{"line":91,"column":0},"end":{"line":110,"column":3}},"39":{"start":{"line":92,"column":20},"end":{"line":92,"column":29}},"40":{"start":{"line":93,"column":4},"end":{"line":93,"column":68}},"41":{"start":{"line":93,"column":14},"end":{"line":93,"column":68}},"42":{"start":{"line":95,"column":22},"end":{"line":95,"column":57}},"43":{"start":{"line":96,"column":21},"end":{"line":96,"column":62}},"44":{"start":{"line":98,"column":4},"end":{"line":100,"column":5}},"45":{"start":{"line":99,"column":8},"end":{"line":99,"column":73}},"46":{"start":{"line":103,"column":20},"end":{"line":103,"column":46}},"47":{"start":{"line":104,"column":4},"end":{"line":106,"column":5}},"48":{"start":{"line":105,"column":8},"end":{"line":105,"column":62}},"49":{"start":{"line":109,"column":4},"end":{"line":109,"column":56}},"50":{"start":{"line":116,"column":0},"end":{"line":125,"column":3}},"51":{"start":{"line":117,"column":20},"end":{"line":117,"column":30}},"52":{"start":{"line":118,"column":22},"end":{"line":118,"column":57}},"53":{"start":{"line":120,"column":4},"end":{"line":122,"column":5}},"54":{"start":{"line":121,"column":8},"end":{"line":121,"column":57}},"55":{"start":{"line":124,"column":4},"end":{"line":124,"column":42}},"56":{"start":{"line":131,"column":4},"end":{"line":134,"column":5}},"57":{"start":{"line":132,"column":8},"end":{"line":132,"column":46}},"58":{"start":{"line":133,"column":8},"end":{"line":133,"column":15}},"59":{"start":{"line":136,"column":4},"end":{"line":136,"column":48}},"60":{"start":{"line":137,"column":20},"end":{"line":137,"column":46}},"61":{"start":{"line":138,"column":22},"end":{"line":138,"column":57}},"62":{"start":{"line":139,"column":21},"end":{"line":139,"column":62}},"63":{"start":{"line":141,"column":18},"end":{"line":141,"column":43}},"64":{"start":{"line":142,"column":4},"end":{"line":145,"column":5}},"65":{"start":{"line":143,"column":8},"end":{"line":143,"column":91}},"66":{"start":{"line":144,"column":8},"end":{"line":144,"column":15}},"67":{"start":{"line":147,"column":4},"end":{"line":147,"column":52}},"68":{"start":{"line":147,"column":25},"end":{"line":147,"column":50}},"69":{"start":{"line":149,"column":24},"end":{"line":149,"column":55}},"70":{"start":{"line":150,"column":17},"end":{"line":150,"column":44}},"71":{"start":{"line":152,"column":4},"end":{"line":157,"column":5}},"72":{"start":{"line":153,"column":18},"end":{"line":153,"column":42}},"73":{"start":{"line":154,"column":23},"end":{"line":154,"column":43}},"74":{"start":{"line":155,"column":8},"end":{"line":155,"column":34}},"75":{"start":{"line":156,"column":8},"end":{"line":156,"column":28}},"76":{"start":{"line":159,"column":4},"end":{"line":159,"column":22}},"77":{"start":{"line":161,"column":4},"end":{"line":172,"column":7}},"78":{"start":{"line":162,"column":29},"end":{"line":162,"column":47}},"79":{"start":{"line":163,"column":8},"end":{"line":171,"column":9}},"80":{"start":{"line":164,"column":12},"end":{"line":164,"column":53}},"81":{"start":{"line":165,"column":12},"end":{"line":165,"column":83}},"82":{"start":{"line":166,"column":12},"end":{"line":166,"column":37}},"83":{"start":{"line":168,"column":12},"end":{"line":168,"column":101}},"84":{"start":{"line":169,"column":12},"end":{"line":169,"column":39}},"85":{"start":{"line":170,"column":12},"end":{"line":170,"column":37}},"86":{"start":{"line":177,"column":0},"end":{"line":195,"column":1}},"87":{"start":{"line":178,"column":4},"end":{"line":194,"column":7}},"88":{"start":{"line":179,"column":8},"end":{"line":179,"column":42}},"89":{"start":{"line":180,"column":20},"end":{"line":180,"column":30}},"90":{"start":{"line":181,"column":25},"end":{"line":186,"column":9}},"91":{"start":{"line":182,"column":25},"end":{"line":182,"column":66}},"92":{"start":{"line":183,"column":12},"end":{"line":185,"column":13}},"93":{"start":{"line":184,"column":16},"end":{"line":184,"column":60}},"94":{"start":{"line":188,"column":8},"end":{"line":193,"column":9}},"95":{"start":{"line":189,"column":25},"end":{"line":189,"column":53}},"96":{"start":{"line":190,"column":12},"end":{"line":192,"column":13}},"97":{"start":{"line":191,"column":16},"end":{"line":191,"column":34}},"98":{"start":{"line":197,"column":0},"end":{"line":197,"column":21}}},"fnMap":{"0":{"name":"(anonymous_0)","decl":{"start":{"line":24,"column":19},"end":{"line":24,"column":20}},"loc":{"start":{"line":24,"column":33},"end":{"line":26,"column":1}},"line":24},"1":{"name":"(anonymous_1)","decl":{"start":{"line":38,"column":19},"end":{"line":38,"column":20}},"loc":{"start":{"line":38,"column":39},"end":{"line":85,"column":1}},"line":38},"2":{"name":"(anonymous_2)","decl":{"start":{"line":76,"column":52},"end":{"line":76,"column":53}},"loc":{"start":{"line":76,"column":59},"end":{"line":76,"column":107}},"line":76},"3":{"name":"(anonymous_3)","decl":{"start":{"line":91,"column":19},"end":{"line":91,"column":20}},"loc":{"start":{"line":91,"column":39},"end":{"line":110,"column":1}},"line":91},"4":{"name":"(anonymous_4)","decl":{"start":{"line":116,"column":22},"end":{"line":116,"column":23}},"loc":{"start":{"line":116,"column":42},"end":{"line":125,"column":1}},"line":116},"5":{"name":"assembleFile","decl":{"start":{"line":130,"column":15},"end":{"line":130,"column":27}},"loc":{"start":{"line":130,"column":60},"end":{"line":173,"column":1}},"line":130},"6":{"name":"(anonymous_6)","decl":{"start":{"line":147,"column":15},"end":{"line":147,"column":16}},"loc":{"start":{"line":147,"column":25},"end":{"line":147,"column":50}},"line":147},"7":{"name":"(anonymous_7)","decl":{"start":{"line":161,"column":29},"end":{"line":161,"column":30}},"loc":{"start":{"line":161,"column":41},"end":{"line":172,"column":5}},"line":161},"8":{"name":"(anonymous_8)","decl":{"start":{"line":178,"column":31},"end":{"line":178,"column":32}},"loc":{"start":{"line":178,"column":43},"end":{"line":194,"column":5}},"line":178},"9":{"name":"(anonymous_9)","decl":{"start":{"line":181,"column":25},"end":{"line":181,"column":26}},"loc":{"start":{"line":181,"column":40},"end":{"line":186,"column":9}},"line":181}},"branchMap":{"0":{"loc":{"start":{"line":10,"column":19},"end":{"line":10,"column":83}},"type":"binary-expr","locations":[{"start":{"line":10,"column":19},"end":{"line":10,"column":41}},{"start":{"line":10,"column":45},"end":{"line":10,"column":83}}],"line":10},"1":{"loc":{"start":{"line":42,"column":8},"end":{"line":44,"column":9}},"type":"if","locations":[{"start":{"line":42,"column":8},"end":{"line":44,"column":9}},{"start":{},"end":{}}],"line":42},"2":{"loc":{"start":{"line":42,"column":12},"end":{"line":42,"column":40}},"type":"binary-expr","locations":[{"start":{"line":42,"column":12},"end":{"line":42,"column":16}},{"start":{"line":42,"column":20},"end":{"line":42,"column":22}},{"start":{"line":42,"column":26},"end":{"line":42,"column":28}},{"start":{"line":42,"column":32},"end":{"line":42,"column":34}},{"start":{"line":42,"column":38},"end":{"line":42,"column":40}}],"line":42},"3":{"loc":{"start":{"line":50,"column":8},"end":{"line":52,"column":9}},"type":"if","locations":[{"start":{"line":50,"column":8},"end":{"line":52,"column":9}},{"start":{},"end":{}}],"line":50},"4":{"loc":{"start":{"line":50,"column":12},"end":{"line":50,"column":51}},"type":"binary-expr","locations":[{"start":{"line":50,"column":12},"end":{"line":50,"column":29}},{"start":{"line":50,"column":33},"end":{"line":50,"column":51}}],"line":50},"5":{"loc":{"start":{"line":65,"column":12},"end":{"line":68,"column":13}},"type":"if","locations":[{"start":{"line":65,"column":12},"end":{"line":68,"column":13}},{"start":{},"end":{}}],"line":65},"6":{"loc":{"start":{"line":74,"column":8},"end":{"line":77,"column":9}},"type":"if","locations":[{"start":{"line":74,"column":8},"end":{"line":77,"column":9}},{"start":{},"end":{}}],"line":74},"7":{"loc":{"start":{"line":93,"column":4},"end":{"line":93,"column":68}},"type":"if","locations":[{"start":{"line":93,"column":4},"end":{"line":93,"column":68}},{"start":{},"end":{}}],"line":93},"8":{"loc":{"start":{"line":98,"column":4},"end":{"line":100,"column":5}},"type":"if","locations":[{"start":{"line":98,"column":4},"end":{"line":100,"column":5}},{"start":{},"end":{}}],"line":98},"9":{"loc":{"start":{"line":98,"column":8},"end":{"line":98,"column":71}},"type":"binary-expr","locations":[{"start":{"line":98,"column":8},"end":{"line":98,"column":38}},{"start":{"line":98,"column":42},"end":{"line":98,"column":71}}],"line":98},"10":{"loc":{"start":{"line":104,"column":4},"end":{"line":106,"column":5}},"type":"if","locations":[{"start":{"line":104,"column":4},"end":{"line":106,"column":5}},{"start":{},"end":{}}],"line":104},"11":{"loc":{"start":{"line":120,"column":4},"end":{"line":122,"column":5}},"type":"if","locations":[{"start":{"line":120,"column":4},"end":{"line":122,"column":5}},{"start":{},"end":{}}],"line":120},"12":{"loc":{"start":{"line":131,"column":4},"end":{"line":134,"column":5}},"type":"if","locations":[{"start":{"line":131,"column":4},"end":{"line":134,"column":5}},{"start":{},"end":{}}],"line":131},"13":{"loc":{"start":{"line":142,"column":4},"end":{"line":145,"column":5}},"type":"if","locations":[{"start":{"line":142,"column":4},"end":{"line":145,"column":5}},{"start":{},"end":{}}],"line":142},"14":{"loc":{"start":{"line":163,"column":8},"end":{"line":171,"column":9}},"type":"if","locations":[{"start":{"line":163,"column":8},"end":{"line":171,"column":9}},{"start":{"line":167,"column":15},"end":{"line":171,"column":9}}],"line":163},"15":{"loc":{"start":{"line":177,"column":0},"end":{"line":195,"column":1}},"type":"if","locations":[{"start":{"line":177,"column":0},"end":{"line":195,"column":1}},{"start":{},"end":{}}],"line":177},"16":{"loc":{"start":{"line":183,"column":12},"end":{"line":185,"column":13}},"type":"if","locations":[{"start":{"line":183,"column":12},"end":{"line":185,"column":13}},{"start":{},"end":{}}],"line":183},"17":{"loc":{"start":{"line":188,"column":8},"end":{"line":193,"column":9}},"type":"if","locations":[{"start":{"line":188,"column":8},"end":{"line":193,"column":9}},{"start":{},"end":{}}],"line":188}},"s":{"0":1,"1":1,"2":1,"3":1,"4":1,"5":1,"6":1,"7":1,"8":1,"9":1,"10":1,"11":1,"12":1,"13":1,"14":27,"15":27,"16":27,"17":6,"18":21,"19":21,"20":21,"21":2,"22":19,"23":19,"24":19,"25":19,"26":19,"27":19,"28":1,"29":1,"30":0,"31":18,"32":18,"33":11,"34":0,"35":18,"36":0,"37":0,"38":1,"39":6,"40":6,"41":1,"42":5,"43":5,"44":5,"45":1,"46":4,"47":4,"48":2,"49":2,"50":1,"51":3,"52":3,"53":3,"54":1,"55":2,"56":11,"57":11,"58":11,"59":0,"60":0,"61":0,"62":0,"63":0,"64":0,"65":0,"66":0,"67":0,"68":0,"69":0,"70":0,"71":0,"72":0,"73":0,"74":0,"75":0,"76":0,"77":0,"78":0,"79":0,"80":0,"81":0,"82":0,"83":0,"84":0,"85":0,"86":1,"87":0,"88":0,"89":0,"90":0,"91":0,"92":0,"93":0,"94":0,"95":0,"96":0,"97":0,"98":1},"f":{"0":1,"1":27,"2":0,"3":6,"4":3,"5":11,"6":0,"7":0,"8":0,"9":0},"b":{"0":[1,1],"1":[6,21],"2":[27,25,24,23,22],"3":[2,19],"4":[21,20],"5":[1,0],"6":[11,7],"7":[1,5],"8":[1,4],"9":[5,1],"10":[2,2],"11":[1,2],"12":[11,0],"13":[0,0],"14":[0,0],"15":[0,1],"16":[0,0],"17":[0,0]},"_coverageSchema":"1a1c01bbd47fc00a2c39e90264f33305004495a9","hash":"d6ea33e5a4959e98d6acd567e930fb60ab738cb6"}
}
