TN:
SF:app.js
FN:24,(anonymous_0)
FN:38,(anonymous_1)
FN:76,(anonymous_2)
FN:91,(anonymous_3)
FN:116,(anonymous_4)
FN:130,assembleFile
FN:147,(anonymous_6)
FN:161,(anonymous_7)
FN:178,(anonymous_8)
FN:181,(anonymous_9)
FNF:10
FNH:5
FNDA:1,(anonymous_0)
FNDA:27,(anonymous_1)
FNDA:0,(anonymous_2)
FNDA:6,(anonymous_3)
FNDA:3,(anonymous_4)
FNDA:11,assembleFile
FNDA:0,(anonymous_6)
FNDA:0,(anonymous_7)
FNDA:0,(anonymous_8)
FNDA:0,(anonymous_9)
DA:1,1
DA:2,1
DA:3,1
DA:4,1
DA:5,1
DA:6,1
DA:7,1
DA:9,1
DA:10,1
DA:13,1
DA:16,1
DA:24,1
DA:25,1
DA:38,1
DA:39,27
DA:40,27
DA:42,27
DA:43,6
DA:46,21
DA:47,21
DA:50,21
DA:51,2
DA:54,19
DA:55,19
DA:57,19
DA:60,19
DA:62,19
DA:63,19
DA:65,1
DA:67,1
DA:69,0
DA:73,18
DA:74,18
DA:76,11
DA:79,18
DA:82,0
DA:83,0
DA:91,1
DA:92,6
DA:93,6
DA:95,5
DA:96,5
DA:98,5
DA:99,1
DA:103,4
DA:104,4
DA:105,2
DA:109,2
DA:116,1
DA:117,3
DA:118,3
DA:120,3
DA:121,1
DA:124,2
DA:131,11
DA:132,11
DA:133,11
DA:136,0
DA:137,0
DA:138,0
DA:139,0
DA:141,0
DA:142,0
DA:143,0
DA:144,0
DA:147,0
DA:149,0
DA:150,0
DA:152,0
DA:153,0
DA:154,0
DA:155,0
DA:156,0
DA:159,0
DA:161,0
DA:162,0
DA:163,0
DA:164,0
DA:165,0
DA:166,0
DA:168,0
DA:169,0
DA:170,0
DA:177,1
DA:178,0
DA:179,0
DA:180,0
DA:181,0
DA:182,0
DA:183,0
DA:184,0
DA:188,0
DA:189,0
DA:190,0
DA:191,0
DA:197,1
LF:96
LH:56
BRDA:10,0,0,1
BRDA:10,0,1,1
BRDA:42,1,0,6
BRDA:42,1,1,21
BRDA:42,2,0,27
BRDA:42,2,1,25
BRDA:42,2,2,24
BRDA:42,2,3,23
BRDA:42,2,4,22
BRDA:50,3,0,2
BRDA:50,3,1,19
BRDA:50,4,0,21
BRDA:50,4,1,20
BRDA:65,5,0,1
BRDA:65,5,1,0
BRDA:74,6,0,11
BRDA:74,6,1,7
BRDA:93,7,0,1
BRDA:93,7,1,5
BRDA:98,8,0,1
BRDA:98,8,1,4
BRDA:98,9,0,5
BRDA:98,9,1,1
BRDA:104,10,0,2
BRDA:104,10,1,2
BRDA:120,11,0,1
BRDA:120,11,1,2
BRDA:131,12,0,11
BRDA:131,12,1,0
BRDA:142,13,0,0
BRDA:142,13,1,0
BRDA:163,14,0,0
BRDA:163,14,1,0
BRDA:177,15,0,0
BRDA:177,15,1,1
BRDA:183,16,0,0
BRDA:183,16,1,0
BRDA:188,17,0,0
BRDA:188,17,1,0
BRF:39
BRH:28
end_of_record
